2015/05/09 15:28:33 INFO  - jmeter.util.JMeterUtils: Setting Locale to en_US 
2015/05/09 15:28:34 INFO  - jmeter.JMeter: Loading user properties from: /home/ted/Downloads/apache-jmeter-2.13/bin/user.properties 
2015/05/09 15:28:34 INFO  - jmeter.JMeter: Loading system properties from: /home/ted/Downloads/apache-jmeter-2.13/bin/system.properties 
2015/05/09 15:28:34 INFO  - jmeter.JMeter: Copyright (c) 1998-2015 The Apache Software Foundation 
2015/05/09 15:28:34 INFO  - jmeter.JMeter: Version 2.13 r1665067 
2015/05/09 15:28:34 INFO  - jmeter.JMeter: java.version=1.7.0_79 
2015/05/09 15:28:34 INFO  - jmeter.JMeter: java.vm.name=OpenJDK 64-Bit Server VM 
2015/05/09 15:28:34 INFO  - jmeter.JMeter: os.name=Linux 
2015/05/09 15:28:34 INFO  - jmeter.JMeter: os.arch=amd64 
2015/05/09 15:28:34 INFO  - jmeter.JMeter: os.version=3.16.0-30-generic 
2015/05/09 15:28:34 INFO  - jmeter.JMeter: file.encoding=UTF-8 
2015/05/09 15:28:34 INFO  - jmeter.JMeter: Default Locale=English (United States) 
2015/05/09 15:28:34 INFO  - jmeter.JMeter: JMeter  Locale=English (United States) 
2015/05/09 15:28:34 INFO  - jmeter.JMeter: JMeterHome=/home/ted/Downloads/apache-jmeter-2.13 
2015/05/09 15:28:34 INFO  - jmeter.JMeter: user.dir  =/home/ted/rails_projects/themetest 
2015/05/09 15:28:34 INFO  - jmeter.JMeter: PWD       =/home/ted/rails_projects/themetest 
2015/05/09 15:28:34 INFO  - jmeter.JMeter: IP: 127.0.1.1 Name: ubuntu FullName: ubuntu 
2015/05/09 15:28:34 INFO  - jmeter.services.FileServer: Default base='/home/ted/rails_projects/themetest' 
2015/05/09 15:28:34 INFO  - jmeter.services.FileServer: Set new base='/home/ted/rails_projects/themetest/.' 
2015/05/09 15:28:36 INFO  - jmeter.save.SaveService: Testplan (JMX) version: 2.2. Testlog (JTL) version: 2.2 
2015/05/09 15:28:36 INFO  - jmeter.save.SaveService: Using SaveService properties file encoding UTF-8 
2015/05/09 15:28:36 INFO  - jmeter.save.SaveService: Using SaveService properties file version 1656252 
2015/05/09 15:28:36 INFO  - jmeter.save.SaveService: Using SaveService properties version 2.8 
2015/05/09 15:28:36 INFO  - jmeter.save.SaveService: All converter versions present and correct 
2015/05/09 15:28:36 INFO  - jmeter.save.SaveService: Loading file: ./jmeter.jmx 
2015/05/09 15:28:36 INFO  - jmeter.protocol.http.sampler.HTTPSamplerBase: Cannot find .className property for htmlParser, using default 
2015/05/09 15:28:36 INFO  - jmeter.protocol.http.sampler.HTTPSamplerBase: Parser for text/html is  
2015/05/09 15:28:36 INFO  - jmeter.protocol.http.sampler.HTTPSamplerBase: Parser for application/xhtml+xml is  
2015/05/09 15:28:36 INFO  - jmeter.protocol.http.sampler.HTTPSamplerBase: Parser for application/xml is  
2015/05/09 15:28:36 INFO  - jmeter.protocol.http.sampler.HTTPSamplerBase: Parser for text/xml is  
2015/05/09 15:28:36 INFO  - jmeter.protocol.http.sampler.HTTPSamplerBase: Parser for text/vnd.wap.wml is org.apache.jmeter.protocol.http.parser.RegexpHTMLParser 
2015/05/09 15:28:37 INFO  - jmeter.JMeter: Creating summariser <summary> 
2015/05/09 15:28:37 INFO  - jmeter.engine.StandardJMeterEngine: Listeners will be started after enabling running version 
2015/05/09 15:28:37 INFO  - jmeter.engine.StandardJMeterEngine: To revert to the earlier behaviour, define jmeterengine.startlistenerslater=false 
2015/05/09 15:28:37 INFO  - jmeter.engine.StandardJMeterEngine: Running the test! 
2015/05/09 15:28:37 INFO  - jmeter.samplers.SampleEvent: List of sample_variables: [] 
2015/05/09 15:28:37 INFO  - jmeter.samplers.SampleEvent: List of sample_variables: [] 
2015/05/09 15:28:37 INFO  - jmeter.engine.util.CompoundVariable: Note: Function class names must contain the string: '.functions.' 
2015/05/09 15:28:37 INFO  - jmeter.engine.util.CompoundVariable: Note: Function class names must not contain the string: '.gui.' 
2015/05/09 15:28:37 INFO  - jmeter.JMeter: Running test (1431210517924) 
2015/05/09 15:28:38 INFO  - jmeter.engine.StandardJMeterEngine: Starting ThreadGroup: 1 : ThreadGroup 
2015/05/09 15:28:38 INFO  - jmeter.engine.StandardJMeterEngine: Starting 1 threads for group ThreadGroup. 
2015/05/09 15:28:38 INFO  - jmeter.engine.StandardJMeterEngine: Thread will continue on error 
2015/05/09 15:28:38 INFO  - jmeter.threads.ThreadGroup: Starting thread group number 1 threads 1 ramp-up 1 perThread 1000.0 delayedStart=true 
2015/05/09 15:28:38 INFO  - jmeter.threads.ThreadGroup: Started thread group number 1 
2015/05/09 15:28:38 INFO  - jmeter.engine.StandardJMeterEngine: All thread groups have been started 
2015/05/09 15:28:38 INFO  - jmeter.threads.JMeterThread: jmeterthread.startearlier=true (see jmeter.properties) 
2015/05/09 15:28:38 INFO  - jmeter.threads.JMeterThread: Running PostProcessors in forward order 
2015/05/09 15:28:38 INFO  - jmeter.samplers.SampleResult: Note: Sample TimeStamps are START times 
2015/05/09 15:28:38 INFO  - jmeter.samplers.SampleResult: sampleresult.default.encoding is set to ISO-8859-1 
2015/05/09 15:28:38 INFO  - jmeter.samplers.SampleResult: sampleresult.useNanoTime=true 
2015/05/09 15:28:38 INFO  - jmeter.samplers.SampleResult: sampleresult.nanoThreadSleep=5000 
2015/05/09 15:28:38 INFO  - jmeter.threads.JMeterThread: Thread started: ThreadGroup 1-1 
2015/05/09 15:28:38 INFO  - jmeter.protocol.http.sampler.HTTPHCAbstractImpl: Local host = ubuntu 
2015/05/09 15:28:38 INFO  - jmeter.protocol.http.sampler.HTTPHC4Impl: HTTP request retry count = 0 
2015/05/09 15:28:38 INFO  - jmeter.protocol.http.sampler.HTTPHC4Impl: Setting up HTTPS TrustAll scheme 
2015/05/09 15:28:38 INFO  - jmeter.util.JsseSSLManager: Using default SSL protocol: TLS 
2015/05/09 15:28:38 INFO  - jmeter.util.JsseSSLManager: SSL session context: per-thread 
2015/05/09 15:28:50 INFO  - jmeter.threads.JMeterThread: Thread is done: ThreadGroup 1-1 
2015/05/09 15:28:50 INFO  - jmeter.threads.JMeterThread: Thread finished: ThreadGroup 1-1 
2015/05/09 15:28:50 INFO  - jmeter.engine.StandardJMeterEngine: Notifying test listeners of end of test 
2015/05/09 15:28:50 INFO  - jmeter.reporters.Summariser: summary =     35 in  12.3s =    2.8/s Avg:   426 Min:   190 Max:   729 Err:     0 (0.00%) 
